<?xml version="1.0" encoding="UTF-8"?>
<!-- Generated by org.testng.reporters.JUnitReportReporter -->
<testsuite skipped="0" hostname="Shruthis-MBP" name="com.training.casetwo.tests.CaseTwoTests" tests="1" failures="0" timestamp="2020-10-24T21:59:18 IST" time="87.724" errors="0">
  <testcase name="validLoginTest" time="87.724" classname="com.training.casetwo.tests.CaseTwoTests"/>
  <system-out/>
</testsuite> <!-- com.training.casetwo.tests.CaseTwoTests -->
